<?xml version="1.0" encoding="UTF-8" ?>
<testsuite tests="25" failures="0" name="ua.yandex.shad.tempseries.TemperatureSeriesAnalysisTest" time="0.146" errors="3" skipped="0">
  <properties>
[...]
</properties>
  <testcase classname="ua.yandex.shad.tempseries.TemperatureSeriesAnalysisTest" name="testDeviation_EmptyList" time="0.058"/>
  <testcase classname="ua.yandex.shad.tempseries.TemperatureSeriesAnalysisTest" name="testFindTempLessThen_returnsNull" time="0"/>
  <testcase classname="ua.yandex.shad.tempseries.TemperatureSeriesAnalysisTest" name="testSummaryStatistics_testValues" time="0.017"/>
  <testcase classname="ua.yandex.shad.tempseries.TemperatureSeriesAnalysisTest" name="testMax" time="0.001"/>
  <testcase classname="ua.yandex.shad.tempseries.TemperatureSeriesAnalysisTest" name="testMin" time="0.002"/>
  <testcase classname="ua.yandex.shad.tempseries.TemperatureSeriesAnalysisTest" name="testAddTemps_addToEmpty" time="0.048">
    <error message="5" type="java.lang.ArrayIndexOutOfBoundsException">java.lang.ArrayIndexOutOfBoundsException: 5
	at ua.yandex.shad.tempseries.TemperatureSeriesAnalysis.getTemps(TemperatureSeriesAnalysis.java:14)
	at ua.yandex.shad.tempseries.TemperatureSeriesAnalysisTest.testAddTemps_addToEmpty(TemperatureSeriesAnalysisTest.java:237)
	at sun.reflect.NativeMethodAccessorImpl.invoke0(Native Method)
	at sun.reflect.NativeMethodAccessorImpl.invoke(NativeMethodAccessorImpl.java:62)
	at sun.reflect.DelegatingMethodAccessorImpl.invoke(DelegatingMethodAccessorImpl.java:43)
	at java.lang.reflect.Method.invoke(Method.java:497)
	at org.junit.runners.model.FrameworkMethod$1.runReflectiveCall(FrameworkMethod.java:50)
	at org.junit.internal.runners.model.ReflectiveCallable.run(ReflectiveCallable.java:12)
	at org.junit.runners.model.FrameworkMethod.invokeExplosively(FrameworkMethod.java:47)
	at org.junit.internal.runners.statements.InvokeMethod.evaluate(InvokeMethod.java:17)
	at org.junit.runners.ParentRunner.runLeaf(ParentRunner.java:325)
	at org.junit.runners.BlockJUnit4ClassRunner.runChild(BlockJUnit4ClassRunner.java:78)
	at org.junit.runners.BlockJUnit4ClassRunner.runChild(BlockJUnit4ClassRunner.java:57)
	at org.junit.runners.ParentRunner$3.run(ParentRunner.java:290)
	at org.junit.runners.ParentRunner$1.schedule(ParentRunner.java:71)
	at org.junit.runners.ParentRunner.runChildren(ParentRunner.java:288)
	at org.junit.runners.ParentRunner.access$000(ParentRunner.java:58)
	at org.junit.runners.ParentRunner$2.evaluate(ParentRunner.java:268)
	at org.junit.runners.ParentRunner.run(ParentRunner.java:363)
	at org.apache.maven.surefire.junit4.JUnit4Provider.execute(JUnit4Provider.java:252)
	at org.apache.maven.surefire.junit4.JUnit4Provider.executeTestSet(JUnit4Provider.java:141)
	at org.apache.maven.surefire.junit4.JUnit4Provider.invoke(JUnit4Provider.java:112)
	at sun.reflect.NativeMethodAccessorImpl.invoke0(Native Method)
	at sun.reflect.NativeMethodAccessorImpl.invoke(NativeMethodAccessorImpl.java:62)
	at sun.reflect.DelegatingMethodAccessorImpl.invoke(DelegatingMethodAccessorImpl.java:43)
	at java.lang.reflect.Method.invoke(Method.java:497)
	at org.apache.maven.surefire.util.ReflectionUtils.invokeMethodWithArray(ReflectionUtils.java:189)
	at org.apache.maven.surefire.booter.ProviderFactory$ProviderProxy.invoke(ProviderFactory.java:165)
	at org.apache.maven.surefire.booter.ProviderFactory.invokeProvider(ProviderFactory.java:85)
	at org.apache.maven.surefire.booter.ForkedBooter.runSuitesInProcess(ForkedBooter.java:115)
	at org.apache.maven.surefire.booter.ForkedBooter.main(ForkedBooter.java:75)
</error>
  </testcase>
  <testcase classname="ua.yandex.shad.tempseries.TemperatureSeriesAnalysisTest" name="testAverage" time="0"/>
  <testcase classname="ua.yandex.shad.tempseries.TemperatureSeriesAnalysisTest" name="testFindTempsGreaterThen_Empty" time="0"/>
  <testcase classname="ua.yandex.shad.tempseries.TemperatureSeriesAnalysisTest" name="testFindTempClosestToZero_EmptyList" time="0"/>
  <testcase classname="ua.yandex.shad.tempseries.TemperatureSeriesAnalysisTest" name="testAddTemps_checkArrayLen" time="0"/>
  <testcase classname="ua.yandex.shad.tempseries.TemperatureSeriesAnalysisTest" name="testMin_EmptyList" time="0"/>
  <testcase classname="ua.yandex.shad.tempseries.TemperatureSeriesAnalysisTest" name="testAddTemps_multupleAdding" time="0.009">
    <error message="6" type="java.lang.ArrayIndexOutOfBoundsException">java.lang.ArrayIndexOutOfBoundsException: 6
	at ua.yandex.shad.tempseries.TemperatureSeriesAnalysis.getTemps(TemperatureSeriesAnalysis.java:14)
	at ua.yandex.shad.tempseries.TemperatureSeriesAnalysisTest.testAddTemps_multupleAdding(TemperatureSeriesAnalysisTest.java:222)
	at sun.reflect.NativeMethodAccessorImpl.invoke0(Native Method)
	at sun.reflect.NativeMethodAccessorImpl.invoke(NativeMethodAccessorImpl.java:62)
	at sun.reflect.DelegatingMethodAccessorImpl.invoke(DelegatingMethodAccessorImpl.java:43)
	at java.lang.reflect.Method.invoke(Method.java:497)
	at org.junit.runners.model.FrameworkMethod$1.runReflectiveCall(FrameworkMethod.java:50)
	at org.junit.internal.runners.model.ReflectiveCallable.run(ReflectiveCallable.java:12)
	at org.junit.runners.model.FrameworkMethod.invokeExplosively(FrameworkMethod.java:47)
	at org.junit.internal.runners.statements.InvokeMethod.evaluate(InvokeMethod.java:17)
	at org.junit.runners.ParentRunner.runLeaf(ParentRunner.java:325)
	at org.junit.runners.BlockJUnit4ClassRunner.runChild(BlockJUnit4ClassRunner.java:78)
	at org.junit.runners.BlockJUnit4ClassRunner.runChild(BlockJUnit4ClassRunner.java:57)
	at org.junit.runners.ParentRunner$3.run(ParentRunner.java:290)
	at org.junit.runners.ParentRunner$1.schedule(ParentRunner.java:71)
	at org.junit.runners.ParentRunner.runChildren(ParentRunner.java:288)
	at org.junit.runners.ParentRunner.access$000(ParentRunner.java:58)
	at org.junit.runners.ParentRunner$2.evaluate(ParentRunner.java:268)
	at org.junit.runners.ParentRunner.run(ParentRunner.java:363)
	at org.apache.maven.surefire.junit4.JUnit4Provider.execute(JUnit4Provider.java:252)
	at org.apache.maven.surefire.junit4.JUnit4Provider.executeTestSet(JUnit4Provider.java:141)
	at org.apache.maven.surefire.junit4.JUnit4Provider.invoke(JUnit4Provider.java:112)
	at sun.reflect.NativeMethodAccessorImpl.invoke0(Native Method)
	at sun.reflect.NativeMethodAccessorImpl.invoke(NativeMethodAccessorImpl.java:62)
	at sun.reflect.DelegatingMethodAccessorImpl.invoke(DelegatingMethodAccessorImpl.java:43)
	at java.lang.reflect.Method.invoke(Method.java:497)
	at org.apache.maven.surefire.util.ReflectionUtils.invokeMethodWithArray(ReflectionUtils.java:189)
	at org.apache.maven.surefire.booter.ProviderFactory$ProviderProxy.invoke(ProviderFactory.java:165)
	at org.apache.maven.surefire.booter.ProviderFactory.invokeProvider(ProviderFactory.java:85)
	at org.apache.maven.surefire.booter.ForkedBooter.runSuitesInProcess(ForkedBooter.java:115)
	at org.apache.maven.surefire.booter.ForkedBooter.main(ForkedBooter.java:75)
</error>
  </testcase>
  <testcase classname="ua.yandex.shad.tempseries.TemperatureSeriesAnalysisTest" name="testFindTempClosestToValue_EmptyList" time="0.001"/>
  <testcase classname="ua.yandex.shad.tempseries.TemperatureSeriesAnalysisTest" name="testAverage_EmptyList" time="0.003"/>
  <testcase classname="ua.yandex.shad.tempseries.TemperatureSeriesAnalysisTest" name="testFindTempGreaterThan" time="0"/>
  <testcase classname="ua.yandex.shad.tempseries.TemperatureSeriesAnalysisTest" name="testDeviation" time="0.001"/>
  <testcase classname="ua.yandex.shad.tempseries.TemperatureSeriesAnalysisTest" name="testAddTemps_needToResize" time="0.002">
    <error message="7" type="java.lang.ArrayIndexOutOfBoundsException">java.lang.ArrayIndexOutOfBoundsException: 7
	at ua.yandex.shad.tempseries.TemperatureSeriesAnalysis.getTemps(TemperatureSeriesAnalysis.java:14)
	at ua.yandex.shad.tempseries.TemperatureSeriesAnalysisTest.testAddTemps_needToResize(TemperatureSeriesAnalysisTest.java:209)
	at sun.reflect.NativeMethodAccessorImpl.invoke0(Native Method)
	at sun.reflect.NativeMethodAccessorImpl.invoke(NativeMethodAccessorImpl.java:62)
	at sun.reflect.DelegatingMethodAccessorImpl.invoke(DelegatingMethodAccessorImpl.java:43)
	at java.lang.reflect.Method.invoke(Method.java:497)
	at org.junit.runners.model.FrameworkMethod$1.runReflectiveCall(FrameworkMethod.java:50)
	at org.junit.internal.runners.model.ReflectiveCallable.run(ReflectiveCallable.java:12)
	at org.junit.runners.model.FrameworkMethod.invokeExplosively(FrameworkMethod.java:47)
	at org.junit.internal.runners.statements.InvokeMethod.evaluate(InvokeMethod.java:17)
	at org.junit.runners.ParentRunner.runLeaf(ParentRunner.java:325)
	at org.junit.runners.BlockJUnit4ClassRunner.runChild(BlockJUnit4ClassRunner.java:78)
	at org.junit.runners.BlockJUnit4ClassRunner.runChild(BlockJUnit4ClassRunner.java:57)
	at org.junit.runners.ParentRunner$3.run(ParentRunner.java:290)
	at org.junit.runners.ParentRunner$1.schedule(ParentRunner.java:71)
	at org.junit.runners.ParentRunner.runChildren(ParentRunner.java:288)
	at org.junit.runners.ParentRunner.access$000(ParentRunner.java:58)
	at org.junit.runners.ParentRunner$2.evaluate(ParentRunner.java:268)
	at org.junit.runners.ParentRunner.run(ParentRunner.java:363)
	at org.apache.maven.surefire.junit4.JUnit4Provider.execute(JUnit4Provider.java:252)
	at org.apache.maven.surefire.junit4.JUnit4Provider.executeTestSet(JUnit4Provider.java:141)
	at org.apache.maven.surefire.junit4.JUnit4Provider.invoke(JUnit4Provider.java:112)
	at sun.reflect.NativeMethodAccessorImpl.invoke0(Native Method)
	at sun.reflect.NativeMethodAccessorImpl.invoke(NativeMethodAccessorImpl.java:62)
	at sun.reflect.DelegatingMethodAccessorImpl.invoke(DelegatingMethodAccessorImpl.java:43)
	at java.lang.reflect.Method.invoke(Method.java:497)
	at org.apache.maven.surefire.util.ReflectionUtils.invokeMethodWithArray(ReflectionUtils.java:189)
	at org.apache.maven.surefire.booter.ProviderFactory$ProviderProxy.invoke(ProviderFactory.java:165)
	at org.apache.maven.surefire.booter.ProviderFactory.invokeProvider(ProviderFactory.java:85)
	at org.apache.maven.surefire.booter.ForkedBooter.runSuitesInProcess(ForkedBooter.java:115)
	at org.apache.maven.surefire.booter.ForkedBooter.main(ForkedBooter.java:75)
</error>
  </testcase>
  <testcase classname="ua.yandex.shad.tempseries.TemperatureSeriesAnalysisTest" name="testAddTemps_testOnLessThanAbsoluteMin" time="0.001"/>
  <testcase classname="ua.yandex.shad.tempseries.TemperatureSeriesAnalysisTest" name="testFindTempsLessThen_Empty" time="0.001"/>
  <testcase classname="ua.yandex.shad.tempseries.TemperatureSeriesAnalysisTest" name="testFindTempLessThan" time="0"/>
  <testcase classname="ua.yandex.shad.tempseries.TemperatureSeriesAnalysisTest" name="testFindTempGreaterThen_returnsNull" time="0"/>
  <testcase classname="ua.yandex.shad.tempseries.TemperatureSeriesAnalysisTest" name="testFindTempClosestToZero" time="0"/>
  <testcase classname="ua.yandex.shad.tempseries.TemperatureSeriesAnalysisTest" name="testFindTempClosestToValue" time="0.001"/>
  <testcase classname="ua.yandex.shad.tempseries.TemperatureSeriesAnalysisTest" name="testTemparatureSeries" time="0.001"/>
  <testcase classname="ua.yandex.shad.tempseries.TemperatureSeriesAnalysisTest" name="testMax_EmptyList" time="0"/>
</testsuite>